<html xmlns:math="http://exslt.org/math" xmlns:testng="http://testng.org">
   <head>
      <title>TestNG Results</title>
      <meta http-equiv="content-type" content="text/html; charset=utf-8"></meta>
      <meta http-equiv="pragma" content="no-cache"></meta>
      <meta http-equiv="cache-control" content="max-age=0"></meta>
      <meta http-equiv="cache-control" content="no-cache"></meta>
      <meta http-equiv="cache-control" content="no-store"></meta>
      <LINK rel="stylesheet" href="style.css"></LINK>
      <script type="text/javascript" src="main.js"></script>
   </head>
   <body>
      <table width="100%" style="font-size: 16px; margin-bottom: 10px;" cellspacing="1">
         <tr>
            <td width="100%">
               All methods in suite
               
               <b>TestNG Suite</b>
            </td>
            <td style="background-color: #FFBBBB; padding: 3px 3px 3px 0;" align="center">
               <div style="width: 50px;">0</div>
            </td>
            <td style="background-color: lightgreen; padding: 3px 3px 3px 0;" align="center">
               <div style="width: 50px;">3</div>
            </td>
            <td style="background-color: #FFFFBB; padding: 3px 3px 3px 0;" align="center">
               <div style="width: 50px;">0</div>
            </td>
            <td align="center" style="background-color: #eaf0f7; padding: 3px 3px 3px 0;">
               <div style="width: 50px;">3</div>
            </td>
            <td align="center"
                style="font-weight: bold; background-color: #eaf0f7; padding: 3px 3px 3px 0;">
               <div style="width: 50px;">100%</div>
            </td>
            <td style="background-color: #eaf0f7; padding: 3px 3px 3px 0;" align="center"
                nowrap="true">1m
               
            </td>
         </tr>
      </table>
      <div style="width: 200px;">
         <label for="groupMethodsCheckBox" style="font-weight: bold; margin: 0;">
            <input id="groupMethodsCheckBox" type="checkbox" onclick="switchTestMethodsView(this)"
                   checked=""></input>
            Group by class
            
         </label>
         <br></br>
         <label for="methodsFilter_ALL" style="font-weight: bold; margin: 0;">
            <input id="methodsFilter_ALL" type="checkbox"
                   onclick="testMethodsFilterChanged(this, 'ALL')"
                   checked=""></input>
            All
            
         </label>
      </div>
      <label for="methodsFilter_FAIL" style="margin-left: 20px;">
         <input id="methodsFilter_FAIL" type="checkbox"
                onclick="testMethodsFilterChanged(this, 'FAIL')"
                checked=""></input>
         Failed
         
      </label>
      <label for="methodsFilter_PASS">
         <input id="methodsFilter_PASS" type="checkbox"
                onclick="testMethodsFilterChanged(this, 'PASS')"
                checked=""></input>
         Passed
         
      </label>
      <label for="methodsFilter_SKIP">
         <input id="methodsFilter_SKIP" type="checkbox"
                onclick="testMethodsFilterChanged(this, 'SKIP')"
                checked=""></input>
         Skipped
         
      </label>
      <label for="methodsFilter_CONF">
         <input id="methodsFilter_CONF" type="checkbox"
                onclick="testMethodsFilterChanged(this, 'CONF')"
                checked=""></input>
         Config
         
      </label>
      <br></br>
      <div id="testMethodsByStatus" style="display: none;">
         <table class="testMethodsTable" cellpadding="0" cellspacing="0">
            <tr class="methodsTableHeader">
               <td width="100%">Name</td>
               <td nowrap="true">Started</td>
               <td nowrap="true">Duration</td>
               <td>Exception</td>
            </tr>
            <tr id="myPack1.TC01_atAfter_byStatus_failed_FAIL1_row"
                class="testMethodStatusFAIL testMethodStatusCONF">
               <td width="100%" class="firstMethodCell">
                  <a onclick="toggleDetailsVisibility('myPack1.TC01_atAfter_byStatus_failed_FAIL1_details')">atAfter()</a>
               </td>
               <td nowrap="true">09:03:49</td>
               <td nowrap="true" align="right">0 ms
                  
               </td>
               <td nowrap="true">
                  <a onclick="toggleDetailsVisibility('myPack1.TC01_atAfter_byStatus_failed_FAIL1_exception')">org.openqa.selenium.remote.UnreachableBrowserException: 
                     Error communicating with the remote browser. It may have died.
                     Build info: version: '2.47.1', revision: '411b314', time: '2015-07-30 03:03:16'
                     System info: host: 'AMIT-PC', ip: '192.168.0.3', os.name: 'Windows 7', os.arch: 'x86', os.version: '6.1', java.version: '1.7.0_25'
                     Driver info: driver.version: RemoteWebDriver
                     
                  </a>
                   
                  
               </td>
            </tr>
            <tr>
               <td colspan="4" class="detailsBox">
                  <div id="myPack1.TC01_atAfter_byStatus_failed_FAIL1_details"
                       class="testMethodDetails">
                     <div>
                        <b>Name: </b>atAfter
                     </div>
                     <div>
                        <b>Signature: </b>atAfter()[pri:0, instance:myPack1.TC01@fd9338]
                     </div>
                     <div>
                        <b>Start time: </b>09:03:49
                     </div>
                     <div>
                        <b>End time: </b>09:03:49
                     </div>
                     <div>
                        <b>Duration: </b>0 ms
                        
                     </div>
                  </div>
               </td>
            </tr>
            <tr>
               <td colspan="4" class="detailsBox">
                  <div id="myPack1.TC01_atAfter_byStatus_failed_FAIL1_exception"
                       class="testMethodDetails">
                     <pre style="padding: 5px; margin: 0;">org.openqa.selenium.remote.UnreachableBrowserException: Error communicating with the remote browser. It may have died.
                        Build info: version: '2.47.1', revision: '411b314', time: '2015-07-30 03:03:16'
                        System info: host: 'AMIT-PC', ip: '192.168.0.3', os.name: 'Windows 7', os.arch: 'x86', os.version: '6.1', java.version: '1.7.0_25'
                        Driver info: driver.version: RemoteWebDriver
                        	at org.openqa.selenium.remote.RemoteWebDriver.execute(RemoteWebDriver.java:589)
                        	at org.openqa.selenium.remote.RemoteWebDriver.execute(RemoteWebDriver.java:618)
                        	at org.openqa.selenium.remote.RemoteWebDriver.quit(RemoteWebDriver.java:464)
                        	at myPack1.TC01.atAfter(Unknown Source)
                        	at sun.reflect.NativeMethodAccessorImpl.invoke0(Native Method)
                        	at sun.reflect.NativeMethodAccessorImpl.invoke(NativeMethodAccessorImpl.java:57)
                        	at sun.reflect.DelegatingMethodAccessorImpl.invoke(DelegatingMethodAccessorImpl.java:43)
                        	at java.lang.reflect.Method.invoke(Method.java:606)
                        	at org.testng.internal.MethodInvocationHelper.invokeMethod(MethodInvocationHelper.java:84)
                        	at org.testng.internal.Invoker.invokeConfigurationMethod(Invoker.java:564)
                        	at org.testng.internal.Invoker.invokeConfigurations(Invoker.java:213)
                        	at org.testng.internal.Invoker.invokeMethod(Invoker.java:786)
                        	at org.testng.internal.Invoker.invokeTestMethod(Invoker.java:901)
                        	at org.testng.internal.Invoker.invokeTestMethods(Invoker.java:1231)
                        	at org.testng.internal.TestMethodWorker.invokeTestMethods(TestMethodWorker.java:127)
                        	at org.testng.internal.TestMethodWorker.run(TestMethodWorker.java:111)
                        	at org.testng.TestRunner.privateRun(TestRunner.java:767)
                        	at org.testng.TestRunner.run(TestRunner.java:617)
                        	at org.testng.SuiteRunner.runTest(SuiteRunner.java:334)
                        	at org.testng.SuiteRunner.runSequentially(SuiteRunner.java:329)
                        	at org.testng.SuiteRunner.privateRun(SuiteRunner.java:291)
                        	at org.testng.SuiteRunner.run(SuiteRunner.java:240)
                        	at org.testng.SuiteRunnerWorker.runSuite(SuiteRunnerWorker.java:52)
                        	at org.testng.SuiteRunnerWorker.run(SuiteRunnerWorker.java:86)
                        	at org.testng.TestNG.runSuitesSequentially(TestNG.java:1224)
                        	at org.testng.TestNG.runSuitesLocally(TestNG.java:1149)
                        	at org.testng.TestNG.run(TestNG.java:1057)
                        	at org.testng.TestNG.privateMain(TestNG.java:1364)
                        	at org.testng.TestNG.main(TestNG.java:1333)
                        Caused by: java.lang.RuntimeException: Process refused to die after 10 seconds, and couldn't taskkill it: exec return code
                        1: ERROR: Out of memory
                        
                        
                        	at org.openqa.selenium.os.ProcessUtils.killWinProcess(ProcessUtils.java:142)
                        	at org.openqa.selenium.os.ProcessUtils.killProcess(ProcessUtils.java:81)
                        	at org.openqa.selenium.os.UnixProcess$SeleniumWatchDog.destroyHarder(UnixProcess.java:247)
                        	at org.openqa.selenium.os.UnixProcess$SeleniumWatchDog.access$2(UnixProcess.java:246)
                        	at org.openqa.selenium.os.UnixProcess.destroy(UnixProcess.java:125)
                        	at org.openqa.selenium.os.CommandLine.destroy(CommandLine.java:153)
                        	at org.openqa.selenium.remote.service.DriverService.stop(DriverService.java:190)
                        	at org.openqa.selenium.remote.service.DriverCommandExecutor.execute(DriverCommandExecutor.java:79)
                        	at org.openqa.selenium.remote.RemoteWebDriver.execute(RemoteWebDriver.java:568)
                        	... 28 more
                        Caused by: java.lang.RuntimeException: exec return code 1: ERROR: Out of memory
                        
                        
                        	at org.openqa.selenium.os.WindowsUtils.killPID(WindowsUtils.java:179)
                        	at org.openqa.selenium.os.ProcessUtils.killWinProcess(ProcessUtils.java:138)
                        	... 36 more
                     </pre>
                  </div>
               </td>
            </tr>
            <tr id="myPack1.TC02_atAfter_byStatus_failed_FAIL2_row"
                class="testMethodStatusFAIL testMethodStatusCONF">
               <td width="100%" class="firstMethodCell">
                  <a onclick="toggleDetailsVisibility('myPack1.TC02_atAfter_byStatus_failed_FAIL2_details')">atAfter()</a>
               </td>
               <td nowrap="true">09:04:04</td>
               <td nowrap="true" align="right">0 ms
                  
               </td>
               <td nowrap="true">
                  <a onclick="toggleDetailsVisibility('myPack1.TC02_atAfter_byStatus_failed_FAIL2_exception')">java.lang.RuntimeException: 
                     Process refused to die after 10 seconds, and couldn't taskkill it: exec return code 1: ERROR: Out of memory
                     
                     
                     
                  </a>
                   
                  
               </td>
            </tr>
            <tr>
               <td colspan="4" class="detailsBox">
                  <div id="myPack1.TC02_atAfter_byStatus_failed_FAIL2_details"
                       class="testMethodDetails">
                     <div>
                        <b>Name: </b>atAfter
                     </div>
                     <div>
                        <b>Signature: </b>atAfter()[pri:0, instance:myPack1.TC02@c67f69]
                     </div>
                     <div>
                        <b>Start time: </b>09:04:04
                     </div>
                     <div>
                        <b>End time: </b>09:04:04
                     </div>
                     <div>
                        <b>Duration: </b>0 ms
                        
                     </div>
                  </div>
               </td>
            </tr>
            <tr>
               <td colspan="4" class="detailsBox">
                  <div id="myPack1.TC02_atAfter_byStatus_failed_FAIL2_exception"
                       class="testMethodDetails">
                     <pre style="padding: 5px; margin: 0;">java.lang.RuntimeException: Process refused to die after 10 seconds, and couldn't taskkill it: exec return code 1: ERROR:
                        Out of memory
                        
                        
                        	at org.openqa.selenium.os.ProcessUtils.killWinProcess(ProcessUtils.java:142)
                        	at org.openqa.selenium.os.ProcessUtils.killProcess(ProcessUtils.java:81)
                        	at org.openqa.selenium.os.UnixProcess$SeleniumWatchDog.destroyHarder(UnixProcess.java:247)
                        	at org.openqa.selenium.os.UnixProcess$SeleniumWatchDog.access$2(UnixProcess.java:246)
                        	at org.openqa.selenium.os.UnixProcess.destroy(UnixProcess.java:125)
                        	at org.openqa.selenium.os.CommandLine.destroy(CommandLine.java:153)
                        	at org.openqa.selenium.firefox.FirefoxBinary.quit(FirefoxBinary.java:259)
                        	at org.openqa.selenium.firefox.internal.NewProfileExtensionConnection.quit(NewProfileExtensionConnection.java:204)
                        	at org.openqa.selenium.firefox.FirefoxDriver$LazyCommandExecutor.quit(FirefoxDriver.java:377)
                        	at org.openqa.selenium.firefox.FirefoxDriver.stopClient(FirefoxDriver.java:323)
                        	at org.openqa.selenium.remote.RemoteWebDriver.quit(RemoteWebDriver.java:467)
                        	at myPack1.TC02.atAfter(Unknown Source)
                        	at sun.reflect.NativeMethodAccessorImpl.invoke0(Native Method)
                        	at sun.reflect.NativeMethodAccessorImpl.invoke(NativeMethodAccessorImpl.java:57)
                        	at sun.reflect.DelegatingMethodAccessorImpl.invoke(DelegatingMethodAccessorImpl.java:43)
                        	at java.lang.reflect.Method.invoke(Method.java:606)
                        	at org.testng.internal.MethodInvocationHelper.invokeMethod(MethodInvocationHelper.java:84)
                        	at org.testng.internal.Invoker.invokeConfigurationMethod(Invoker.java:564)
                        	at org.testng.internal.Invoker.invokeConfigurations(Invoker.java:213)
                        	at org.testng.internal.Invoker.invokeMethod(Invoker.java:786)
                        	at org.testng.internal.Invoker.invokeTestMethod(Invoker.java:901)
                        	at org.testng.internal.Invoker.invokeTestMethods(Invoker.java:1231)
                        	at org.testng.internal.TestMethodWorker.invokeTestMethods(TestMethodWorker.java:127)
                        	at org.testng.internal.TestMethodWorker.run(TestMethodWorker.java:111)
                        	at org.testng.TestRunner.privateRun(TestRunner.java:767)
                        	at org.testng.TestRunner.run(TestRunner.java:617)
                        	at org.testng.SuiteRunner.runTest(SuiteRunner.java:334)
                        	at org.testng.SuiteRunner.runSequentially(SuiteRunner.java:329)
                        	at org.testng.SuiteRunner.privateRun(SuiteRunner.java:291)
                        	at org.testng.SuiteRunner.run(SuiteRunner.java:240)
                        	at org.testng.SuiteRunnerWorker.runSuite(SuiteRunnerWorker.java:52)
                        	at org.testng.SuiteRunnerWorker.run(SuiteRunnerWorker.java:86)
                        	at org.testng.TestNG.runSuitesSequentially(TestNG.java:1224)
                        	at org.testng.TestNG.runSuitesLocally(TestNG.java:1149)
                        	at org.testng.TestNG.run(TestNG.java:1057)
                        	at org.testng.TestNG.privateMain(TestNG.java:1364)
                        	at org.testng.TestNG.main(TestNG.java:1333)
                        Caused by: java.lang.RuntimeException: exec return code 1: ERROR: Out of memory
                        
                        
                        	at org.openqa.selenium.os.WindowsUtils.killPID(WindowsUtils.java:179)
                        	at org.openqa.selenium.os.ProcessUtils.killWinProcess(ProcessUtils.java:138)
                        	... 36 more
                     </pre>
                  </div>
               </td>
            </tr>
            <tr id="myPack1.TC03_atAfter_byStatus_failed_FAIL3_row"
                class="testMethodStatusFAIL testMethodStatusCONF">
               <td width="100%" class="firstMethodCell">
                  <a onclick="toggleDetailsVisibility('myPack1.TC03_atAfter_byStatus_failed_FAIL3_details')">atAfter()</a>
               </td>
               <td nowrap="true">09:04:31</td>
               <td nowrap="true" align="right">0 ms
                  
               </td>
               <td nowrap="true">
                  <a onclick="toggleDetailsVisibility('myPack1.TC03_atAfter_byStatus_failed_FAIL3_exception')">java.lang.RuntimeException: 
                     Process refused to die after 10 seconds, and couldn't taskkill it: exec return code 1: ERROR: Out of memory
                     
                     
                     
                  </a>
                   
                  
               </td>
            </tr>
            <tr>
               <td colspan="4" class="detailsBox">
                  <div id="myPack1.TC03_atAfter_byStatus_failed_FAIL3_details"
                       class="testMethodDetails">
                     <div>
                        <b>Name: </b>atAfter
                     </div>
                     <div>
                        <b>Signature: </b>atAfter()[pri:0, instance:myPack1.TC03@1f899e9]
                     </div>
                     <div>
                        <b>Start time: </b>09:04:31
                     </div>
                     <div>
                        <b>End time: </b>09:04:31
                     </div>
                     <div>
                        <b>Duration: </b>0 ms
                        
                     </div>
                  </div>
               </td>
            </tr>
            <tr>
               <td colspan="4" class="detailsBox">
                  <div id="myPack1.TC03_atAfter_byStatus_failed_FAIL3_exception"
                       class="testMethodDetails">
                     <pre style="padding: 5px; margin: 0;">java.lang.RuntimeException: Process refused to die after 10 seconds, and couldn't taskkill it: exec return code 1: ERROR:
                        Out of memory
                        
                        
                        	at org.openqa.selenium.os.ProcessUtils.killWinProcess(ProcessUtils.java:142)
                        	at org.openqa.selenium.os.ProcessUtils.killProcess(ProcessUtils.java:81)
                        	at org.openqa.selenium.os.UnixProcess$SeleniumWatchDog.destroyHarder(UnixProcess.java:247)
                        	at org.openqa.selenium.os.UnixProcess$SeleniumWatchDog.access$2(UnixProcess.java:246)
                        	at org.openqa.selenium.os.UnixProcess.destroy(UnixProcess.java:125)
                        	at org.openqa.selenium.os.CommandLine.destroy(CommandLine.java:153)
                        	at org.openqa.selenium.firefox.FirefoxBinary.quit(FirefoxBinary.java:259)
                        	at org.openqa.selenium.firefox.internal.NewProfileExtensionConnection.quit(NewProfileExtensionConnection.java:204)
                        	at org.openqa.selenium.firefox.FirefoxDriver$LazyCommandExecutor.quit(FirefoxDriver.java:377)
                        	at org.openqa.selenium.firefox.FirefoxDriver.stopClient(FirefoxDriver.java:323)
                        	at org.openqa.selenium.remote.RemoteWebDriver.quit(RemoteWebDriver.java:467)
                        	at myPack1.TC03.atAfter(Unknown Source)
                        	at sun.reflect.NativeMethodAccessorImpl.invoke0(Native Method)
                        	at sun.reflect.NativeMethodAccessorImpl.invoke(NativeMethodAccessorImpl.java:57)
                        	at sun.reflect.DelegatingMethodAccessorImpl.invoke(DelegatingMethodAccessorImpl.java:43)
                        	at java.lang.reflect.Method.invoke(Method.java:606)
                        	at org.testng.internal.MethodInvocationHelper.invokeMethod(MethodInvocationHelper.java:84)
                        	at org.testng.internal.Invoker.invokeConfigurationMethod(Invoker.java:564)
                        	at org.testng.internal.Invoker.invokeConfigurations(Invoker.java:213)
                        	at org.testng.internal.Invoker.invokeMethod(Invoker.java:786)
                        	at org.testng.internal.Invoker.invokeTestMethod(Invoker.java:901)
                        	at org.testng.internal.Invoker.invokeTestMethods(Invoker.java:1231)
                        	at org.testng.internal.TestMethodWorker.invokeTestMethods(TestMethodWorker.java:127)
                        	at org.testng.internal.TestMethodWorker.run(TestMethodWorker.java:111)
                        	at org.testng.TestRunner.privateRun(TestRunner.java:767)
                        	at org.testng.TestRunner.run(TestRunner.java:617)
                        	at org.testng.SuiteRunner.runTest(SuiteRunner.java:334)
                        	at org.testng.SuiteRunner.runSequentially(SuiteRunner.java:329)
                        	at org.testng.SuiteRunner.privateRun(SuiteRunner.java:291)
                        	at org.testng.SuiteRunner.run(SuiteRunner.java:240)
                        	at org.testng.SuiteRunnerWorker.runSuite(SuiteRunnerWorker.java:52)
                        	at org.testng.SuiteRunnerWorker.run(SuiteRunnerWorker.java:86)
                        	at org.testng.TestNG.runSuitesSequentially(TestNG.java:1224)
                        	at org.testng.TestNG.runSuitesLocally(TestNG.java:1149)
                        	at org.testng.TestNG.run(TestNG.java:1057)
                        	at org.testng.TestNG.privateMain(TestNG.java:1364)
                        	at org.testng.TestNG.main(TestNG.java:1333)
                        Caused by: java.lang.RuntimeException: exec return code 1: ERROR: Out of memory
                        
                        
                        	at org.openqa.selenium.os.WindowsUtils.killPID(WindowsUtils.java:179)
                        	at org.openqa.selenium.os.ProcessUtils.killWinProcess(ProcessUtils.java:138)
                        	... 36 more
                     </pre>
                  </div>
               </td>
            </tr>
            <tr id="myPack1.TC01_atStart_byStatus_passed_PASS1_row"
                class="testMethodStatusPASS testMethodStatusCONF">
               <td width="100%" class="firstMethodCell">
                  <a onclick="toggleDetailsVisibility('myPack1.TC01_atStart_byStatus_passed_PASS1_details')">atStart()</a>
               </td>
               <td nowrap="true">09:03:31</td>
               <td nowrap="true" align="right">13s
                  
               </td>
               <td nowrap="true">
                   
                  
               </td>
            </tr>
            <tr>
               <td colspan="4" class="detailsBox">
                  <div id="myPack1.TC01_atStart_byStatus_passed_PASS1_details"
                       class="testMethodDetails">
                     <div>
                        <b>Name: </b>atStart
                     </div>
                     <div>
                        <b>Signature: </b>atStart()[pri:0, instance:myPack1.TC01@fd9338]
                     </div>
                     <div>
                        <b>Start time: </b>09:03:31
                     </div>
                     <div>
                        <b>End time: </b>09:03:45
                     </div>
                     <div>
                        <b>Duration: </b>13s
                        
                     </div>
                  </div>
               </td>
            </tr>
            <tr></tr>
            <tr id="myPack1.TC01_atTestGoogle_byStatus_passed_PASS2_row"
                class="testMethodStatusPASS">
               <td width="100%" class="firstMethodCell">
                  <a onclick="toggleDetailsVisibility('myPack1.TC01_atTestGoogle_byStatus_passed_PASS2_details')">atTestGoogle()</a>
               </td>
               <td nowrap="true">09:03:45</td>
               <td nowrap="true" align="right">4s
                  
               </td>
               <td nowrap="true">
                   
                  
               </td>
            </tr>
            <tr>
               <td colspan="4" class="detailsBox">
                  <div id="myPack1.TC01_atTestGoogle_byStatus_passed_PASS2_details"
                       class="testMethodDetails">
                     <div>
                        <b>Name: </b>atTestGoogle
                     </div>
                     <div>
                        <b>Signature: </b>atTestGoogle()[pri:0, instance:myPack1.TC01@fd9338]
                     </div>
                     <div>
                        <b>Start time: </b>09:03:45
                     </div>
                     <div>
                        <b>End time: </b>09:03:49
                     </div>
                     <div>
                        <b>Duration: </b>4s
                        
                     </div>
                  </div>
               </td>
            </tr>
            <tr></tr>
            <tr id="myPack1.TC02_atStart_byStatus_passed_PASS3_row"
                class="testMethodStatusPASS testMethodStatusCONF">
               <td width="100%" class="firstMethodCell">
                  <a onclick="toggleDetailsVisibility('myPack1.TC02_atStart_byStatus_passed_PASS3_details')">atStart()</a>
               </td>
               <td nowrap="true">09:03:52</td>
               <td nowrap="true" align="right">9s
                  
               </td>
               <td nowrap="true">
                   
                  
               </td>
            </tr>
            <tr>
               <td colspan="4" class="detailsBox">
                  <div id="myPack1.TC02_atStart_byStatus_passed_PASS3_details"
                       class="testMethodDetails">
                     <div>
                        <b>Name: </b>atStart
                     </div>
                     <div>
                        <b>Signature: </b>atStart()[pri:0, instance:myPack1.TC02@c67f69]
                     </div>
                     <div>
                        <b>Start time: </b>09:03:52
                     </div>
                     <div>
                        <b>End time: </b>09:04:01
                     </div>
                     <div>
                        <b>Duration: </b>9s
                        
                     </div>
                  </div>
               </td>
            </tr>
            <tr></tr>
            <tr id="myPack1.TC02_atTestGmail_byStatus_passed_PASS4_row"
                class="testMethodStatusPASS">
               <td width="100%" class="firstMethodCell">
                  <a onclick="toggleDetailsVisibility('myPack1.TC02_atTestGmail_byStatus_passed_PASS4_details')">atTestGmail()</a>
               </td>
               <td nowrap="true">09:04:01</td>
               <td nowrap="true" align="right">2s
                  
               </td>
               <td nowrap="true">
                   
                  
               </td>
            </tr>
            <tr>
               <td colspan="4" class="detailsBox">
                  <div id="myPack1.TC02_atTestGmail_byStatus_passed_PASS4_details"
                       class="testMethodDetails">
                     <div>
                        <b>Name: </b>atTestGmail
                     </div>
                     <div>
                        <b>Signature: </b>atTestGmail()[pri:0, instance:myPack1.TC02@c67f69]
                     </div>
                     <div>
                        <b>Start time: </b>09:04:01
                     </div>
                     <div>
                        <b>End time: </b>09:04:04
                     </div>
                     <div>
                        <b>Duration: </b>2s
                        
                     </div>
                  </div>
               </td>
            </tr>
            <tr></tr>
            <tr id="myPack1.TC03_atStart_byStatus_passed_PASS5_row"
                class="testMethodStatusPASS testMethodStatusCONF">
               <td width="100%" class="firstMethodCell">
                  <a onclick="toggleDetailsVisibility('myPack1.TC03_atStart_byStatus_passed_PASS5_details')">atStart()</a>
               </td>
               <td nowrap="true">09:04:04</td>
               <td nowrap="true" align="right">7s
                  
               </td>
               <td nowrap="true">
                   
                  
               </td>
            </tr>
            <tr>
               <td colspan="4" class="detailsBox">
                  <div id="myPack1.TC03_atStart_byStatus_passed_PASS5_details"
                       class="testMethodDetails">
                     <div>
                        <b>Name: </b>atStart
                     </div>
                     <div>
                        <b>Signature: </b>atStart()[pri:0, instance:myPack1.TC03@1f899e9]
                     </div>
                     <div>
                        <b>Start time: </b>09:04:04
                     </div>
                     <div>
                        <b>End time: </b>09:04:12
                     </div>
                     <div>
                        <b>Duration: </b>7s
                        
                     </div>
                  </div>
               </td>
            </tr>
            <tr></tr>
            <tr id="myPack1.TC03_atTestCricinfo_byStatus_passed_PASS6_row"
                class="testMethodStatusPASS">
               <td width="100%" class="firstMethodCell">
                  <a onclick="toggleDetailsVisibility('myPack1.TC03_atTestCricinfo_byStatus_passed_PASS6_details')">atTestCricinfo()</a>
               </td>
               <td nowrap="true">09:04:12</td>
               <td nowrap="true" align="right">19s
                  
               </td>
               <td nowrap="true">
                   
                  
               </td>
            </tr>
            <tr>
               <td colspan="4" class="detailsBox">
                  <div id="myPack1.TC03_atTestCricinfo_byStatus_passed_PASS6_details"
                       class="testMethodDetails">
                     <div>
                        <b>Name: </b>atTestCricinfo
                     </div>
                     <div>
                        <b>Signature: </b>atTestCricinfo()[pri:0, instance:myPack1.TC03@1f899e9]
                     </div>
                     <div>
                        <b>Start time: </b>09:04:12
                     </div>
                     <div>
                        <b>End time: </b>09:04:31
                     </div>
                     <div>
                        <b>Duration: </b>19s
                        
                     </div>
                  </div>
               </td>
            </tr>
            <tr></tr>
         </table>
      </div>
      <div id="testMethodsByClass">
         <table class="testMethodsTable" cellpadding="0" cellspacing="0">
            <tr>
               <td colspan="4">
                  <h3 style="display: inline;">myPack1.TC01</h3>
               </td>
            </tr>
            <tr class="methodsTableHeader">
               <td width="100%">Name</td>
               <td nowrap="true">Started</td>
               <td nowrap="true">Duration</td>
               <td>Exception</td>
            </tr>
            <tr id="myPack1.TC01_atStart_byClass_PASS1_row"
                class="testMethodStatusPASS testMethodStatusCONF">
               <td width="100%" class="firstMethodCell">
                  <a onclick="toggleDetailsVisibility('myPack1.TC01_atStart_byClass_PASS1_details')">atStart()</a>
               </td>
               <td nowrap="true">09:03:31</td>
               <td nowrap="true" align="right">13s
                  
               </td>
               <td nowrap="true">
                   
                  
               </td>
            </tr>
            <tr>
               <td colspan="4" class="detailsBox">
                  <div id="myPack1.TC01_atStart_byClass_PASS1_details" class="testMethodDetails">
                     <div>
                        <b>Name: </b>atStart
                     </div>
                     <div>
                        <b>Signature: </b>atStart()[pri:0, instance:myPack1.TC01@fd9338]
                     </div>
                     <div>
                        <b>Start time: </b>09:03:31
                     </div>
                     <div>
                        <b>End time: </b>09:03:45
                     </div>
                     <div>
                        <b>Duration: </b>13s
                        
                     </div>
                  </div>
               </td>
            </tr>
            <tr></tr>
            <tr id="myPack1.TC01_atTestGoogle_byClass_PASS2_row" class="testMethodStatusPASS">
               <td width="100%" class="firstMethodCell">
                  <a onclick="toggleDetailsVisibility('myPack1.TC01_atTestGoogle_byClass_PASS2_details')">atTestGoogle()</a>
               </td>
               <td nowrap="true">09:03:45</td>
               <td nowrap="true" align="right">4s
                  
               </td>
               <td nowrap="true">
                   
                  
               </td>
            </tr>
            <tr>
               <td colspan="4" class="detailsBox">
                  <div id="myPack1.TC01_atTestGoogle_byClass_PASS2_details" class="testMethodDetails">
                     <div>
                        <b>Name: </b>atTestGoogle
                     </div>
                     <div>
                        <b>Signature: </b>atTestGoogle()[pri:0, instance:myPack1.TC01@fd9338]
                     </div>
                     <div>
                        <b>Start time: </b>09:03:45
                     </div>
                     <div>
                        <b>End time: </b>09:03:49
                     </div>
                     <div>
                        <b>Duration: </b>4s
                        
                     </div>
                  </div>
               </td>
            </tr>
            <tr></tr>
            <tr id="myPack1.TC01_atAfter_byClass_FAIL3_row"
                class="testMethodStatusFAIL testMethodStatusCONF">
               <td width="100%" class="firstMethodCell">
                  <a onclick="toggleDetailsVisibility('myPack1.TC01_atAfter_byClass_FAIL3_details')">atAfter()</a>
               </td>
               <td nowrap="true">09:03:49</td>
               <td nowrap="true" align="right">0 ms
                  
               </td>
               <td nowrap="true">
                  <a onclick="toggleDetailsVisibility('myPack1.TC01_atAfter_byClass_FAIL3_exception')">org.openqa.selenium.remote.UnreachableBrowserException: 
                     Error communicating with the remote browser. It may have died.
                     Build info: version: '2.47.1', revision: '411b314', time: '2015-07-30 03:03:16'
                     System info: host: 'AMIT-PC', ip: '192.168.0.3', os.name: 'Windows 7', os.arch: 'x86', os.version: '6.1', java.version: '1.7.0_25'
                     Driver info: driver.version: RemoteWebDriver
                     
                  </a>
                   
                  
               </td>
            </tr>
            <tr>
               <td colspan="4" class="detailsBox">
                  <div id="myPack1.TC01_atAfter_byClass_FAIL3_details" class="testMethodDetails">
                     <div>
                        <b>Name: </b>atAfter
                     </div>
                     <div>
                        <b>Signature: </b>atAfter()[pri:0, instance:myPack1.TC01@fd9338]
                     </div>
                     <div>
                        <b>Start time: </b>09:03:49
                     </div>
                     <div>
                        <b>End time: </b>09:03:49
                     </div>
                     <div>
                        <b>Duration: </b>0 ms
                        
                     </div>
                  </div>
               </td>
            </tr>
            <tr>
               <td colspan="4" class="detailsBox">
                  <div id="myPack1.TC01_atAfter_byClass_FAIL3_exception" class="testMethodDetails">
                     <pre style="padding: 5px; margin: 0;">org.openqa.selenium.remote.UnreachableBrowserException: Error communicating with the remote browser. It may have died.
                        Build info: version: '2.47.1', revision: '411b314', time: '2015-07-30 03:03:16'
                        System info: host: 'AMIT-PC', ip: '192.168.0.3', os.name: 'Windows 7', os.arch: 'x86', os.version: '6.1', java.version: '1.7.0_25'
                        Driver info: driver.version: RemoteWebDriver
                        	at org.openqa.selenium.remote.RemoteWebDriver.execute(RemoteWebDriver.java:589)
                        	at org.openqa.selenium.remote.RemoteWebDriver.execute(RemoteWebDriver.java:618)
                        	at org.openqa.selenium.remote.RemoteWebDriver.quit(RemoteWebDriver.java:464)
                        	at myPack1.TC01.atAfter(Unknown Source)
                        	at sun.reflect.NativeMethodAccessorImpl.invoke0(Native Method)
                        	at sun.reflect.NativeMethodAccessorImpl.invoke(NativeMethodAccessorImpl.java:57)
                        	at sun.reflect.DelegatingMethodAccessorImpl.invoke(DelegatingMethodAccessorImpl.java:43)
                        	at java.lang.reflect.Method.invoke(Method.java:606)
                        	at org.testng.internal.MethodInvocationHelper.invokeMethod(MethodInvocationHelper.java:84)
                        	at org.testng.internal.Invoker.invokeConfigurationMethod(Invoker.java:564)
                        	at org.testng.internal.Invoker.invokeConfigurations(Invoker.java:213)
                        	at org.testng.internal.Invoker.invokeMethod(Invoker.java:786)
                        	at org.testng.internal.Invoker.invokeTestMethod(Invoker.java:901)
                        	at org.testng.internal.Invoker.invokeTestMethods(Invoker.java:1231)
                        	at org.testng.internal.TestMethodWorker.invokeTestMethods(TestMethodWorker.java:127)
                        	at org.testng.internal.TestMethodWorker.run(TestMethodWorker.java:111)
                        	at org.testng.TestRunner.privateRun(TestRunner.java:767)
                        	at org.testng.TestRunner.run(TestRunner.java:617)
                        	at org.testng.SuiteRunner.runTest(SuiteRunner.java:334)
                        	at org.testng.SuiteRunner.runSequentially(SuiteRunner.java:329)
                        	at org.testng.SuiteRunner.privateRun(SuiteRunner.java:291)
                        	at org.testng.SuiteRunner.run(SuiteRunner.java:240)
                        	at org.testng.SuiteRunnerWorker.runSuite(SuiteRunnerWorker.java:52)
                        	at org.testng.SuiteRunnerWorker.run(SuiteRunnerWorker.java:86)
                        	at org.testng.TestNG.runSuitesSequentially(TestNG.java:1224)
                        	at org.testng.TestNG.runSuitesLocally(TestNG.java:1149)
                        	at org.testng.TestNG.run(TestNG.java:1057)
                        	at org.testng.TestNG.privateMain(TestNG.java:1364)
                        	at org.testng.TestNG.main(TestNG.java:1333)
                        Caused by: java.lang.RuntimeException: Process refused to die after 10 seconds, and couldn't taskkill it: exec return code
                        1: ERROR: Out of memory
                        
                        
                        	at org.openqa.selenium.os.ProcessUtils.killWinProcess(ProcessUtils.java:142)
                        	at org.openqa.selenium.os.ProcessUtils.killProcess(ProcessUtils.java:81)
                        	at org.openqa.selenium.os.UnixProcess$SeleniumWatchDog.destroyHarder(UnixProcess.java:247)
                        	at org.openqa.selenium.os.UnixProcess$SeleniumWatchDog.access$2(UnixProcess.java:246)
                        	at org.openqa.selenium.os.UnixProcess.destroy(UnixProcess.java:125)
                        	at org.openqa.selenium.os.CommandLine.destroy(CommandLine.java:153)
                        	at org.openqa.selenium.remote.service.DriverService.stop(DriverService.java:190)
                        	at org.openqa.selenium.remote.service.DriverCommandExecutor.execute(DriverCommandExecutor.java:79)
                        	at org.openqa.selenium.remote.RemoteWebDriver.execute(RemoteWebDriver.java:568)
                        	... 28 more
                        Caused by: java.lang.RuntimeException: exec return code 1: ERROR: Out of memory
                        
                        
                        	at org.openqa.selenium.os.WindowsUtils.killPID(WindowsUtils.java:179)
                        	at org.openqa.selenium.os.ProcessUtils.killWinProcess(ProcessUtils.java:138)
                        	... 36 more
                     </pre>
                  </div>
               </td>
            </tr>
         </table>
         <br></br>
         <table class="testMethodsTable" cellpadding="0" cellspacing="0">
            <tr>
               <td colspan="4">
                  <h3 style="display: inline;">myPack1.TC02</h3>
               </td>
            </tr>
            <tr class="methodsTableHeader">
               <td width="100%">Name</td>
               <td nowrap="true">Started</td>
               <td nowrap="true">Duration</td>
               <td>Exception</td>
            </tr>
            <tr id="myPack1.TC02_atStart_byClass_PASS1_row"
                class="testMethodStatusPASS testMethodStatusCONF">
               <td width="100%" class="firstMethodCell">
                  <a onclick="toggleDetailsVisibility('myPack1.TC02_atStart_byClass_PASS1_details')">atStart()</a>
               </td>
               <td nowrap="true">09:03:52</td>
               <td nowrap="true" align="right">9s
                  
               </td>
               <td nowrap="true">
                   
                  
               </td>
            </tr>
            <tr>
               <td colspan="4" class="detailsBox">
                  <div id="myPack1.TC02_atStart_byClass_PASS1_details" class="testMethodDetails">
                     <div>
                        <b>Name: </b>atStart
                     </div>
                     <div>
                        <b>Signature: </b>atStart()[pri:0, instance:myPack1.TC02@c67f69]
                     </div>
                     <div>
                        <b>Start time: </b>09:03:52
                     </div>
                     <div>
                        <b>End time: </b>09:04:01
                     </div>
                     <div>
                        <b>Duration: </b>9s
                        
                     </div>
                  </div>
               </td>
            </tr>
            <tr></tr>
            <tr id="myPack1.TC02_atTestGmail_byClass_PASS2_row" class="testMethodStatusPASS">
               <td width="100%" class="firstMethodCell">
                  <a onclick="toggleDetailsVisibility('myPack1.TC02_atTestGmail_byClass_PASS2_details')">atTestGmail()</a>
               </td>
               <td nowrap="true">09:04:01</td>
               <td nowrap="true" align="right">2s
                  
               </td>
               <td nowrap="true">
                   
                  
               </td>
            </tr>
            <tr>
               <td colspan="4" class="detailsBox">
                  <div id="myPack1.TC02_atTestGmail_byClass_PASS2_details" class="testMethodDetails">
                     <div>
                        <b>Name: </b>atTestGmail
                     </div>
                     <div>
                        <b>Signature: </b>atTestGmail()[pri:0, instance:myPack1.TC02@c67f69]
                     </div>
                     <div>
                        <b>Start time: </b>09:04:01
                     </div>
                     <div>
                        <b>End time: </b>09:04:04
                     </div>
                     <div>
                        <b>Duration: </b>2s
                        
                     </div>
                  </div>
               </td>
            </tr>
            <tr></tr>
            <tr id="myPack1.TC02_atAfter_byClass_FAIL3_row"
                class="testMethodStatusFAIL testMethodStatusCONF">
               <td width="100%" class="firstMethodCell">
                  <a onclick="toggleDetailsVisibility('myPack1.TC02_atAfter_byClass_FAIL3_details')">atAfter()</a>
               </td>
               <td nowrap="true">09:04:04</td>
               <td nowrap="true" align="right">0 ms
                  
               </td>
               <td nowrap="true">
                  <a onclick="toggleDetailsVisibility('myPack1.TC02_atAfter_byClass_FAIL3_exception')">java.lang.RuntimeException: 
                     Process refused to die after 10 seconds, and couldn't taskkill it: exec return code 1: ERROR: Out of memory
                     
                     
                     
                  </a>
                   
                  
               </td>
            </tr>
            <tr>
               <td colspan="4" class="detailsBox">
                  <div id="myPack1.TC02_atAfter_byClass_FAIL3_details" class="testMethodDetails">
                     <div>
                        <b>Name: </b>atAfter
                     </div>
                     <div>
                        <b>Signature: </b>atAfter()[pri:0, instance:myPack1.TC02@c67f69]
                     </div>
                     <div>
                        <b>Start time: </b>09:04:04
                     </div>
                     <div>
                        <b>End time: </b>09:04:04
                     </div>
                     <div>
                        <b>Duration: </b>0 ms
                        
                     </div>
                  </div>
               </td>
            </tr>
            <tr>
               <td colspan="4" class="detailsBox">
                  <div id="myPack1.TC02_atAfter_byClass_FAIL3_exception" class="testMethodDetails">
                     <pre style="padding: 5px; margin: 0;">java.lang.RuntimeException: Process refused to die after 10 seconds, and couldn't taskkill it: exec return code 1: ERROR:
                        Out of memory
                        
                        
                        	at org.openqa.selenium.os.ProcessUtils.killWinProcess(ProcessUtils.java:142)
                        	at org.openqa.selenium.os.ProcessUtils.killProcess(ProcessUtils.java:81)
                        	at org.openqa.selenium.os.UnixProcess$SeleniumWatchDog.destroyHarder(UnixProcess.java:247)
                        	at org.openqa.selenium.os.UnixProcess$SeleniumWatchDog.access$2(UnixProcess.java:246)
                        	at org.openqa.selenium.os.UnixProcess.destroy(UnixProcess.java:125)
                        	at org.openqa.selenium.os.CommandLine.destroy(CommandLine.java:153)
                        	at org.openqa.selenium.firefox.FirefoxBinary.quit(FirefoxBinary.java:259)
                        	at org.openqa.selenium.firefox.internal.NewProfileExtensionConnection.quit(NewProfileExtensionConnection.java:204)
                        	at org.openqa.selenium.firefox.FirefoxDriver$LazyCommandExecutor.quit(FirefoxDriver.java:377)
                        	at org.openqa.selenium.firefox.FirefoxDriver.stopClient(FirefoxDriver.java:323)
                        	at org.openqa.selenium.remote.RemoteWebDriver.quit(RemoteWebDriver.java:467)
                        	at myPack1.TC02.atAfter(Unknown Source)
                        	at sun.reflect.NativeMethodAccessorImpl.invoke0(Native Method)
                        	at sun.reflect.NativeMethodAccessorImpl.invoke(NativeMethodAccessorImpl.java:57)
                        	at sun.reflect.DelegatingMethodAccessorImpl.invoke(DelegatingMethodAccessorImpl.java:43)
                        	at java.lang.reflect.Method.invoke(Method.java:606)
                        	at org.testng.internal.MethodInvocationHelper.invokeMethod(MethodInvocationHelper.java:84)
                        	at org.testng.internal.Invoker.invokeConfigurationMethod(Invoker.java:564)
                        	at org.testng.internal.Invoker.invokeConfigurations(Invoker.java:213)
                        	at org.testng.internal.Invoker.invokeMethod(Invoker.java:786)
                        	at org.testng.internal.Invoker.invokeTestMethod(Invoker.java:901)
                        	at org.testng.internal.Invoker.invokeTestMethods(Invoker.java:1231)
                        	at org.testng.internal.TestMethodWorker.invokeTestMethods(TestMethodWorker.java:127)
                        	at org.testng.internal.TestMethodWorker.run(TestMethodWorker.java:111)
                        	at org.testng.TestRunner.privateRun(TestRunner.java:767)
                        	at org.testng.TestRunner.run(TestRunner.java:617)
                        	at org.testng.SuiteRunner.runTest(SuiteRunner.java:334)
                        	at org.testng.SuiteRunner.runSequentially(SuiteRunner.java:329)
                        	at org.testng.SuiteRunner.privateRun(SuiteRunner.java:291)
                        	at org.testng.SuiteRunner.run(SuiteRunner.java:240)
                        	at org.testng.SuiteRunnerWorker.runSuite(SuiteRunnerWorker.java:52)
                        	at org.testng.SuiteRunnerWorker.run(SuiteRunnerWorker.java:86)
                        	at org.testng.TestNG.runSuitesSequentially(TestNG.java:1224)
                        	at org.testng.TestNG.runSuitesLocally(TestNG.java:1149)
                        	at org.testng.TestNG.run(TestNG.java:1057)
                        	at org.testng.TestNG.privateMain(TestNG.java:1364)
                        	at org.testng.TestNG.main(TestNG.java:1333)
                        Caused by: java.lang.RuntimeException: exec return code 1: ERROR: Out of memory
                        
                        
                        	at org.openqa.selenium.os.WindowsUtils.killPID(WindowsUtils.java:179)
                        	at org.openqa.selenium.os.ProcessUtils.killWinProcess(ProcessUtils.java:138)
                        	... 36 more
                     </pre>
                  </div>
               </td>
            </tr>
         </table>
         <br></br>
         <table class="testMethodsTable" cellpadding="0" cellspacing="0">
            <tr>
               <td colspan="4">
                  <h3 style="display: inline;">myPack1.TC03</h3>
               </td>
            </tr>
            <tr class="methodsTableHeader">
               <td width="100%">Name</td>
               <td nowrap="true">Started</td>
               <td nowrap="true">Duration</td>
               <td>Exception</td>
            </tr>
            <tr id="myPack1.TC03_atStart_byClass_PASS1_row"
                class="testMethodStatusPASS testMethodStatusCONF">
               <td width="100%" class="firstMethodCell">
                  <a onclick="toggleDetailsVisibility('myPack1.TC03_atStart_byClass_PASS1_details')">atStart()</a>
               </td>
               <td nowrap="true">09:04:04</td>
               <td nowrap="true" align="right">7s
                  
               </td>
               <td nowrap="true">
                   
                  
               </td>
            </tr>
            <tr>
               <td colspan="4" class="detailsBox">
                  <div id="myPack1.TC03_atStart_byClass_PASS1_details" class="testMethodDetails">
                     <div>
                        <b>Name: </b>atStart
                     </div>
                     <div>
                        <b>Signature: </b>atStart()[pri:0, instance:myPack1.TC03@1f899e9]
                     </div>
                     <div>
                        <b>Start time: </b>09:04:04
                     </div>
                     <div>
                        <b>End time: </b>09:04:12
                     </div>
                     <div>
                        <b>Duration: </b>7s
                        
                     </div>
                  </div>
               </td>
            </tr>
            <tr></tr>
            <tr id="myPack1.TC03_atTestCricinfo_byClass_PASS2_row" class="testMethodStatusPASS">
               <td width="100%" class="firstMethodCell">
                  <a onclick="toggleDetailsVisibility('myPack1.TC03_atTestCricinfo_byClass_PASS2_details')">atTestCricinfo()</a>
               </td>
               <td nowrap="true">09:04:12</td>
               <td nowrap="true" align="right">19s
                  
               </td>
               <td nowrap="true">
                   
                  
               </td>
            </tr>
            <tr>
               <td colspan="4" class="detailsBox">
                  <div id="myPack1.TC03_atTestCricinfo_byClass_PASS2_details"
                       class="testMethodDetails">
                     <div>
                        <b>Name: </b>atTestCricinfo
                     </div>
                     <div>
                        <b>Signature: </b>atTestCricinfo()[pri:0, instance:myPack1.TC03@1f899e9]
                     </div>
                     <div>
                        <b>Start time: </b>09:04:12
                     </div>
                     <div>
                        <b>End time: </b>09:04:31
                     </div>
                     <div>
                        <b>Duration: </b>19s
                        
                     </div>
                  </div>
               </td>
            </tr>
            <tr></tr>
            <tr id="myPack1.TC03_atAfter_byClass_FAIL3_row"
                class="testMethodStatusFAIL testMethodStatusCONF">
               <td width="100%" class="firstMethodCell">
                  <a onclick="toggleDetailsVisibility('myPack1.TC03_atAfter_byClass_FAIL3_details')">atAfter()</a>
               </td>
               <td nowrap="true">09:04:31</td>
               <td nowrap="true" align="right">0 ms
                  
               </td>
               <td nowrap="true">
                  <a onclick="toggleDetailsVisibility('myPack1.TC03_atAfter_byClass_FAIL3_exception')">java.lang.RuntimeException: 
                     Process refused to die after 10 seconds, and couldn't taskkill it: exec return code 1: ERROR: Out of memory
                     
                     
                     
                  </a>
                   
                  
               </td>
            </tr>
            <tr>
               <td colspan="4" class="detailsBox">
                  <div id="myPack1.TC03_atAfter_byClass_FAIL3_details" class="testMethodDetails">
                     <div>
                        <b>Name: </b>atAfter
                     </div>
                     <div>
                        <b>Signature: </b>atAfter()[pri:0, instance:myPack1.TC03@1f899e9]
                     </div>
                     <div>
                        <b>Start time: </b>09:04:31
                     </div>
                     <div>
                        <b>End time: </b>09:04:31
                     </div>
                     <div>
                        <b>Duration: </b>0 ms
                        
                     </div>
                  </div>
               </td>
            </tr>
            <tr>
               <td colspan="4" class="detailsBox">
                  <div id="myPack1.TC03_atAfter_byClass_FAIL3_exception" class="testMethodDetails">
                     <pre style="padding: 5px; margin: 0;">java.lang.RuntimeException: Process refused to die after 10 seconds, and couldn't taskkill it: exec return code 1: ERROR:
                        Out of memory
                        
                        
                        	at org.openqa.selenium.os.ProcessUtils.killWinProcess(ProcessUtils.java:142)
                        	at org.openqa.selenium.os.ProcessUtils.killProcess(ProcessUtils.java:81)
                        	at org.openqa.selenium.os.UnixProcess$SeleniumWatchDog.destroyHarder(UnixProcess.java:247)
                        	at org.openqa.selenium.os.UnixProcess$SeleniumWatchDog.access$2(UnixProcess.java:246)
                        	at org.openqa.selenium.os.UnixProcess.destroy(UnixProcess.java:125)
                        	at org.openqa.selenium.os.CommandLine.destroy(CommandLine.java:153)
                        	at org.openqa.selenium.firefox.FirefoxBinary.quit(FirefoxBinary.java:259)
                        	at org.openqa.selenium.firefox.internal.NewProfileExtensionConnection.quit(NewProfileExtensionConnection.java:204)
                        	at org.openqa.selenium.firefox.FirefoxDriver$LazyCommandExecutor.quit(FirefoxDriver.java:377)
                        	at org.openqa.selenium.firefox.FirefoxDriver.stopClient(FirefoxDriver.java:323)
                        	at org.openqa.selenium.remote.RemoteWebDriver.quit(RemoteWebDriver.java:467)
                        	at myPack1.TC03.atAfter(Unknown Source)
                        	at sun.reflect.NativeMethodAccessorImpl.invoke0(Native Method)
                        	at sun.reflect.NativeMethodAccessorImpl.invoke(NativeMethodAccessorImpl.java:57)
                        	at sun.reflect.DelegatingMethodAccessorImpl.invoke(DelegatingMethodAccessorImpl.java:43)
                        	at java.lang.reflect.Method.invoke(Method.java:606)
                        	at org.testng.internal.MethodInvocationHelper.invokeMethod(MethodInvocationHelper.java:84)
                        	at org.testng.internal.Invoker.invokeConfigurationMethod(Invoker.java:564)
                        	at org.testng.internal.Invoker.invokeConfigurations(Invoker.java:213)
                        	at org.testng.internal.Invoker.invokeMethod(Invoker.java:786)
                        	at org.testng.internal.Invoker.invokeTestMethod(Invoker.java:901)
                        	at org.testng.internal.Invoker.invokeTestMethods(Invoker.java:1231)
                        	at org.testng.internal.TestMethodWorker.invokeTestMethods(TestMethodWorker.java:127)
                        	at org.testng.internal.TestMethodWorker.run(TestMethodWorker.java:111)
                        	at org.testng.TestRunner.privateRun(TestRunner.java:767)
                        	at org.testng.TestRunner.run(TestRunner.java:617)
                        	at org.testng.SuiteRunner.runTest(SuiteRunner.java:334)
                        	at org.testng.SuiteRunner.runSequentially(SuiteRunner.java:329)
                        	at org.testng.SuiteRunner.privateRun(SuiteRunner.java:291)
                        	at org.testng.SuiteRunner.run(SuiteRunner.java:240)
                        	at org.testng.SuiteRunnerWorker.runSuite(SuiteRunnerWorker.java:52)
                        	at org.testng.SuiteRunnerWorker.run(SuiteRunnerWorker.java:86)
                        	at org.testng.TestNG.runSuitesSequentially(TestNG.java:1224)
                        	at org.testng.TestNG.runSuitesLocally(TestNG.java:1149)
                        	at org.testng.TestNG.run(TestNG.java:1057)
                        	at org.testng.TestNG.privateMain(TestNG.java:1364)
                        	at org.testng.TestNG.main(TestNG.java:1333)
                        Caused by: java.lang.RuntimeException: exec return code 1: ERROR: Out of memory
                        
                        
                        	at org.openqa.selenium.os.WindowsUtils.killPID(WindowsUtils.java:179)
                        	at org.openqa.selenium.os.ProcessUtils.killWinProcess(ProcessUtils.java:138)
                        	... 36 more
                     </pre>
                  </div>
               </td>
            </tr>
         </table>
         <br></br>
      </div>
      <div style="margin-top: 15px; color: gray; text-align: center; font-size: 9px;">
         Generated with
         
         <a href="http://code.google.com/p/testng-xslt/" style="color: #8888aa;"
            target="_blank">
            TestNG XSLT
            
         </a>
      </div>
   </body>
</html>