<!DOCTYPE html PUBLIC "-//W3C//DTD XHTML 1.1//EN" "http://www.w3.org/TR/xhtml11/DTD/xhtml11.dtd">
<html xmlns="http://www.w3.org/1999/xhtml"><head><title>TestNG Report</title><style type="text/css">table {margin-bottom:10px;border-collapse:collapse;empty-cells:show}th,td {border:1px solid #009;padding:.25em .5em}th {vertical-align:bottom}td {vertical-align:top}table a {font-weight:bold}.stripe td {background-color: #E6EBF9}.num {text-align:right}.passedodd td {background-color: #3F3}.passedeven td {background-color: #0A0}.skippedodd td {background-color: #DDD}.skippedeven td {background-color: #CCC}.failedodd td,.attn {background-color: #F33}.failedeven td,.stripe .attn {background-color: #D00}.stacktrace {white-space:pre;font-family:monospace}.totop {font-size:85%;text-align:center;border-bottom:2px solid #000}</style></head><body><table><tr><th>Test</th><th># Passed</th><th># Skipped</th><th># Failed</th><th>Time (ms)</th><th>Included Groups</th><th>Excluded Groups</th></tr><tr><th colspan="7">TestNG Suite</th></tr><tr><td><a href="#t0">Google Test</a></td><td class="num">1</td><td class="num">0</td><td class="num">0</td><td class="num">20,144</td><td></td><td></td></tr><tr class="stripe"><td><a href="#t1">Gmail Test</a></td><td class="num">1</td><td class="num">0</td><td class="num">0</td><td class="num">12,440</td><td></td><td></td></tr><tr><td><a href="#t2">Cricinfo Test</a></td><td class="num">1</td><td class="num">0</td><td class="num">0</td><td class="num">27,657</td><td></td><td></td></tr><tr><th>Total</th><th class="num">3</th><th class="num">0</th><th class="num">0</th><th class="num">60,241</th><th colspan="2"></th></tr></table><table><thead><tr><th>Class</th><th>Method</th><th>Start</th><th>Time (ms)</th></tr></thead><tbody><tr><th colspan="4">TestNG Suite</th></tr></tbody><tbody id="t0"><tr><th colspan="4">Google Test &#8212; failed (configuration methods)</th></tr><tr class="failedeven"><td rowspan="1">myPack1.TC01</td><td><a href="#m0">atAfter</a></td><td rowspan="1">1441942429915</td><td rowspan="1">0</td></tr><tr><th colspan="4">Google Test &#8212; passed</th></tr><tr class="passedeven"><td rowspan="1">myPack1.TC01</td><td><a href="#m1">atTestGoogle</a></td><td rowspan="1">1441942425518</td><td rowspan="1">4397</td></tr></tbody><tbody id="t1"><tr><th colspan="4">Gmail Test &#8212; failed (configuration methods)</th></tr><tr class="failedeven"><td rowspan="1">myPack1.TC02</td><td><a href="#m2">atAfter</a></td><td rowspan="1">1441942444225</td><td rowspan="1">0</td></tr><tr><th colspan="4">Gmail Test &#8212; passed</th></tr><tr class="passedeven"><td rowspan="1">myPack1.TC02</td><td><a href="#m3">atTestGmail</a></td><td rowspan="1">1441942441415</td><td rowspan="1">2810</td></tr></tbody><tbody id="t2"><tr><th colspan="4">Cricinfo Test &#8212; failed (configuration methods)</th></tr><tr class="failedeven"><td rowspan="1">myPack1.TC03</td><td><a href="#m4">atAfter</a></td><td rowspan="1">1441942471853</td><td rowspan="1">0</td></tr><tr><th colspan="4">Cricinfo Test &#8212; passed</th></tr><tr class="passedeven"><td rowspan="1">myPack1.TC03</td><td><a href="#m5">atTestCricinfo</a></td><td rowspan="1">1441942452413</td><td rowspan="1">19439</td></tr></tbody></table><h2>Google Test</h2><h3 id="m0">myPack1.TC01#atAfter</h3><table class="result"><tr><th>Exception</th></tr><tr><td><div class="stacktrace">org.openqa.selenium.remote.UnreachableBrowserException: Error communicating with the remote browser. It may have died.
Build info: version: &apos;2.47.1&apos;, revision: &apos;411b314&apos;, time: &apos;2015-07-30 03:03:16&apos;
System info: host: &apos;AMIT-PC&apos;, ip: &apos;192.168.0.3&apos;, os.name: &apos;Windows 7&apos;, os.arch: &apos;x86&apos;, os.version: &apos;6.1&apos;, java.version: &apos;1.7.0_25&apos;
Driver info: driver.version: RemoteWebDriver
	at org.openqa.selenium.remote.RemoteWebDriver.execute(RemoteWebDriver.java:589)
	at org.openqa.selenium.remote.RemoteWebDriver.execute(RemoteWebDriver.java:618)
	at org.openqa.selenium.remote.RemoteWebDriver.quit(RemoteWebDriver.java:464)
	at myPack1.TC01.atAfter(Unknown Source)
Caused by: java.lang.RuntimeException: Process refused to die after 10 seconds, and couldn&apos;t taskkill it: exec return code 1: ERROR: Out of memory


	at org.openqa.selenium.os.ProcessUtils.killWinProcess(ProcessUtils.java:142)
	at org.openqa.selenium.os.ProcessUtils.killProcess(ProcessUtils.java:81)
	at org.openqa.selenium.os.UnixProcess$SeleniumWatchDog.destroyHarder(UnixProcess.java:247)
	at org.openqa.selenium.os.UnixProcess$SeleniumWatchDog.access$2(UnixProcess.java:246)
	at org.openqa.selenium.os.UnixProcess.destroy(UnixProcess.java:125)
	at org.openqa.selenium.os.CommandLine.destroy(CommandLine.java:153)
	at org.openqa.selenium.remote.service.DriverService.stop(DriverService.java:190)
	at org.openqa.selenium.remote.service.DriverCommandExecutor.execute(DriverCommandExecutor.java:79)
	at org.openqa.selenium.remote.RemoteWebDriver.execute(RemoteWebDriver.java:568)
	... 28 more
Caused by: java.lang.RuntimeException: exec return code 1: ERROR: Out of memory


	at org.openqa.selenium.os.WindowsUtils.killPID(WindowsUtils.java:179)
	at org.openqa.selenium.os.ProcessUtils.killWinProcess(ProcessUtils.java:138)
	... 36 more
... Removed 25 stack frames</div></td></tr></table><p class="totop"><a href="#summary">back to summary</a></p><h3 id="m1">myPack1.TC01#atTestGoogle</h3><table class="result"></table><p class="totop"><a href="#summary">back to summary</a></p><h2>Gmail Test</h2><h3 id="m2">myPack1.TC02#atAfter</h3><table class="result"><tr><th>Exception</th></tr><tr><td><div class="stacktrace">java.lang.RuntimeException: Process refused to die after 10 seconds, and couldn&apos;t taskkill it: exec return code 1: ERROR: Out of memory


	at org.openqa.selenium.os.ProcessUtils.killWinProcess(ProcessUtils.java:142)
	at org.openqa.selenium.os.ProcessUtils.killProcess(ProcessUtils.java:81)
	at org.openqa.selenium.os.UnixProcess$SeleniumWatchDog.destroyHarder(UnixProcess.java:247)
	at org.openqa.selenium.os.UnixProcess$SeleniumWatchDog.access$2(UnixProcess.java:246)
	at org.openqa.selenium.os.UnixProcess.destroy(UnixProcess.java:125)
	at org.openqa.selenium.os.CommandLine.destroy(CommandLine.java:153)
	at org.openqa.selenium.firefox.FirefoxBinary.quit(FirefoxBinary.java:259)
	at org.openqa.selenium.firefox.internal.NewProfileExtensionConnection.quit(NewProfileExtensionConnection.java:204)
	at org.openqa.selenium.firefox.FirefoxDriver$LazyCommandExecutor.quit(FirefoxDriver.java:377)
	at org.openqa.selenium.firefox.FirefoxDriver.stopClient(FirefoxDriver.java:323)
	at org.openqa.selenium.remote.RemoteWebDriver.quit(RemoteWebDriver.java:467)
	at myPack1.TC02.atAfter(Unknown Source)
Caused by: java.lang.RuntimeException: exec return code 1: ERROR: Out of memory


	at org.openqa.selenium.os.WindowsUtils.killPID(WindowsUtils.java:179)
	at org.openqa.selenium.os.ProcessUtils.killWinProcess(ProcessUtils.java:138)
	... 36 more
... Removed 25 stack frames</div></td></tr></table><p class="totop"><a href="#summary">back to summary</a></p><h3 id="m3">myPack1.TC02#atTestGmail</h3><table class="result"></table><p class="totop"><a href="#summary">back to summary</a></p><h2>Cricinfo Test</h2><h3 id="m4">myPack1.TC03#atAfter</h3><table class="result"><tr><th>Exception</th></tr><tr><td><div class="stacktrace">java.lang.RuntimeException: Process refused to die after 10 seconds, and couldn&apos;t taskkill it: exec return code 1: ERROR: Out of memory


	at org.openqa.selenium.os.ProcessUtils.killWinProcess(ProcessUtils.java:142)
	at org.openqa.selenium.os.ProcessUtils.killProcess(ProcessUtils.java:81)
	at org.openqa.selenium.os.UnixProcess$SeleniumWatchDog.destroyHarder(UnixProcess.java:247)
	at org.openqa.selenium.os.UnixProcess$SeleniumWatchDog.access$2(UnixProcess.java:246)
	at org.openqa.selenium.os.UnixProcess.destroy(UnixProcess.java:125)
	at org.openqa.selenium.os.CommandLine.destroy(CommandLine.java:153)
	at org.openqa.selenium.firefox.FirefoxBinary.quit(FirefoxBinary.java:259)
	at org.openqa.selenium.firefox.internal.NewProfileExtensionConnection.quit(NewProfileExtensionConnection.java:204)
	at org.openqa.selenium.firefox.FirefoxDriver$LazyCommandExecutor.quit(FirefoxDriver.java:377)
	at org.openqa.selenium.firefox.FirefoxDriver.stopClient(FirefoxDriver.java:323)
	at org.openqa.selenium.remote.RemoteWebDriver.quit(RemoteWebDriver.java:467)
	at myPack1.TC03.atAfter(Unknown Source)
Caused by: java.lang.RuntimeException: exec return code 1: ERROR: Out of memory


	at org.openqa.selenium.os.WindowsUtils.killPID(WindowsUtils.java:179)
	at org.openqa.selenium.os.ProcessUtils.killWinProcess(ProcessUtils.java:138)
	... 36 more
... Removed 25 stack frames</div></td></tr></table><p class="totop"><a href="#summary">back to summary</a></p><h3 id="m5">myPack1.TC03#atTestCricinfo</h3><table class="result"></table><p class="totop"><a href="#summary">back to summary</a></p></body></html>